<?xml version="1.0" encoding="UTF-8"?>
<!-- Generated by org.testng.reporters.JUnitXMLReporter -->
<testsuite ignored="0" hostname="LAPTOP-BFL3PLL7" failures="0" tests="6" name="TestBlock2" time="0.094" errors="0" timestamp="2023-08-07T13:53:06 IST">
  <testcase classname="com.actitime.testscript.CustomerModule" name="createTask" time="0.001">
    <skipped/>
  </testcase> <!-- createTask -->
  <testcase classname="com.actitime.testscript.CustomerModule" name="deleteTask" time="0.0">
    <skipped/>
  </testcase> <!-- deleteTask -->
  <testcase classname="com.actitime.testscript.CustomerModule" name="modifyTask" time="0.0">
    <skipped/>
  </testcase> <!-- modifyTask -->
  <testcase classname="com.actitime.testscript.TaskModule" name="createTask" time="0.003"/>
  <testcase classname="com.actitime.testscript.TaskModule" name="deleteTask" time="0.003"/>
  <testcase classname="com.actitime.testscript.TaskModule" name="modifyTask" time="0.001"/>
</testsuite> <!-- TestBlock2 -->
